2024-11-25 16:29:13,098 - chatbot - INFO - Loading knowledge base...
2024-11-25 16:29:13,512 - chatbot - INFO - Computing new embeddings...
2024-11-25 16:29:18,583 - chatbot - INFO - Knowledge base loaded successfully
2024-11-25 16:29:33,847 - chatbot - ERROR - Error generating response: Input length of input_ids is 280, but `max_length` is set to 200. This can lead to unexpected behavior. You should consider increasing `max_length` or, better yet, setting `max_new_tokens`.
2024-11-25 16:29:58,302 - chatbot - INFO - Loading knowledge base...
2024-11-25 16:29:58,317 - chatbot - INFO - Computing new embeddings...
2024-11-25 16:30:01,958 - chatbot - INFO - Knowledge base loaded successfully
2024-11-25 16:39:20,474 - chatbot - INFO - Loading knowledge base...
2024-11-25 16:39:21,081 - chatbot - INFO - Loading pre-computed embeddings...
2024-11-25 16:39:21,116 - chatbot - INFO - Knowledge base loaded successfully
2024-11-25 16:39:21,123 - chatbot - ERROR - Error getting relevant knowledge: 'ModelManager' object has no attribute 'embedding_model'
2024-11-25 16:39:21,128 - chatbot - ERROR - Error getting relevant knowledge: 'ModelManager' object has no attribute 'embedding_model'
2024-11-25 16:39:21,142 - chatbot - ERROR - Error getting relevant knowledge: 'ModelManager' object has no attribute 'embedding_model'
2024-11-25 16:39:21,160 - chatbot - ERROR - Error getting relevant knowledge: 'ModelManager' object has no attribute 'embedding_model'
2024-11-25 16:39:21,164 - chatbot - ERROR - Error getting relevant knowledge: 'ModelManager' object has no attribute 'embedding_model'
2024-11-25 16:39:21,174 - chatbot - ERROR - Error getting relevant knowledge: 'ModelManager' object has no attribute 'embedding_model'
2024-11-25 16:39:21,177 - chatbot - ERROR - Error getting relevant knowledge: 'ModelManager' object has no attribute 'embedding_model'
2024-11-25 16:39:21,181 - chatbot - ERROR - Error getting relevant knowledge: 'ModelManager' object has no attribute 'embedding_model'
2024-11-25 16:39:21,197 - chatbot - INFO - Loading knowledge base...
2024-11-25 16:39:21,202 - chatbot - INFO - Computing new embeddings...
2024-11-25 16:39:21,206 - chatbot - ERROR - Error loading knowledge base: 'ModelManager' object has no attribute 'embedding_model'
2024-11-25 16:39:21,208 - chatbot - ERROR - Error refreshing knowledge: 'ModelManager' object has no attribute 'embedding_model'
2024-11-25 16:39:21,212 - chatbot - ERROR - Error getting relevant knowledge: 'ModelManager' object has no attribute 'embedding_model'
2024-11-25 16:39:21,214 - chatbot - ERROR - Error getting relevant knowledge: 'ModelManager' object has no attribute 'embedding_model'
2024-11-25 16:48:25,711 - chatbot - INFO - Loading knowledge base...
2024-11-25 16:48:26,485 - chatbot - INFO - Loading pre-computed embeddings...
2024-11-25 16:48:26,539 - chatbot - INFO - Knowledge base loaded successfully
